MobileGameWithAds/Temp/gradleOut/GoogleMobileAdsPlugin/build/outputs/logs/manifest-merger-release-report.txt
-- Merging decision tree log ---
manifest
ADDED from gradleOut\GoogleMobileAdsPlugin\AndroidManifest.xml:7:1-15:12
INJECTED from gradleOut\GoogleMobileAdsPlugin\AndroidManifest.xml:7:1-15:12
INJECTED from gradleOut\GoogleMobileAdsPlugin\AndroidManifest.xml:7:1-15:12
INJECTED from gradleOut\GoogleMobileAdsPlugin\AndroidManifest.xml:7:1-15:12
INJECTED from gradleOut\GoogleMobileAdsPlugin\AndroidManifest.xml:7:1-15:12
INJECTED from gradleOut\GoogleMobileAdsPlugin\AndroidManifest.xml:7:1-15:12
INJECTED from gradleOut\GoogleMobileAdsPlugin\AndroidManifest.xml:7:1-15:12
	package
		ADDED from gradleOut\GoogleMobileAdsPlugin\AndroidManifest.xml:8:5-35
		INJECTED from gradleOut\GoogleMobileAdsPlugin\AndroidManifest.xml
		INJECTED from gradleOut\GoogleMobileAdsPlugin\AndroidManifest.xml
	android:versionName
		ADDED from gradleOut\GoogleMobileAdsPlugin\AndroidManifest.xml:9:5-30
		INJECTED from gradleOut\GoogleMobileAdsPlugin\AndroidManifest.xml
		INJECTED from gradleOut\GoogleMobileAdsPlugin\AndroidManifest.xml
	xmlns:android
		ADDED from gradleOut\GoogleMobileAdsPlugin\AndroidManifest.xml:7:11-69
	android:versionCode
		ADDED from gradleOut\GoogleMobileAdsPlugin\AndroidManifest.xml:10:5-28
		INJECTED from gradleOut\GoogleMobileAdsPlugin\AndroidManifest.xml
		INJECTED from gradleOut\GoogleMobileAdsPlugin\AndroidManifest.xml
uses-sdk
ADDED from gradleOut\GoogleMobileAdsPlugin\AndroidManifest.xml:11:3-12:39
INJECTED from gradleOut\GoogleMobileAdsPlugin\AndroidManifest.xml:11:3-12:39
INJECTED from gradleOut\GoogleMobileAdsPlugin\AndroidManifest.xml:11:3-12:39
	android:targetSdkVersion
		ADDED from gradleOut\GoogleMobileAdsPlugin\AndroidManifest.xml:12:7-36
		INJECTED from gradleOut\GoogleMobileAdsPlugin\AndroidManifest.xml
		INJECTED from gradleOut\GoogleMobileAdsPlugin\AndroidManifest.xml
	android:minSdkVersion
		ADDED from gradleOut\GoogleMobileAdsPlugin\AndroidManifest.xml:11:13-39
application
ADDED from gradleOut\GoogleMobileAdsPlugin\AndroidManifest.xml:13:3-14:17